<?xml version="1.0" encoding="UTF-8"?>
<!-- Generated by org.testng.reporters.JUnitReportReporter -->
<testsuite hostname="0621rdnote16" failures="0" tests="3" name="seleniumpackage.Parameterization" time="19.656" errors="0" timestamp="2022-03-23T14:16:01 EDT" skipped="0">
  <testcase classname="seleniumpackage.Parameterization" name="Display" time="6.319"/>
  <system-out/>
  <testcase classname="seleniumpackage.Parameterization" name="Display" time="6.980"/>
  <system-out/>
  <testcase classname="seleniumpackage.Parameterization" name="Display" time="6.357"/>
  <system-out/>
</testsuite> <!-- seleniumpackage.Parameterization -->
