<?xml version="1.0" encoding="UTF-8"?>
<!-- Generated by org.testng.reporters.JUnitReportReporter -->
<testsuite hostname="0621rdnote16" failures="0" tests="4" name="seleniumpackage.TestingSelenium" time="21.231" errors="0" timestamp="2022-03-24T16:13:38 EDT" skipped="0">
  <testcase classname="seleniumpackage.TestingSelenium" name="gettitle" time="5.314"/>
  <system-out/>
  <testcase classname="seleniumpackage.TestingSelenium" name="display" time="5.312"/>
  <system-out/>
  <testcase classname="seleniumpackage.TestingSelenium" name="display" time="5.369"/>
  <system-out/>
  <testcase classname="seleniumpackage.TestingSelenium" name="gettitle" time="5.236"/>
  <system-out/>
</testsuite> <!-- seleniumpackage.TestingSelenium -->
