<?xml version="1.0" encoding="UTF-8"?>
<!-- Generated by org.testng.reporters.JUnitReportReporter -->
<testsuite hostname="0621rdnote16" failures="0" tests="3" name="seleniumpackage.TestN" time="0.011" errors="0" timestamp="2022-03-19T17:31:33 EDT" skipped="0">
  <testcase classname="seleniumpackage.TestN" name="writetestcase" time="0.006"/>
  <system-out/>
  <testcase classname="seleniumpackage.TestN" name="executetestcase" time="0.004"/>
  <system-out/>
  <testcase classname="seleniumpackage.TestN" name="defectlog" time="0.001"/>
  <system-out/>
</testsuite> <!-- seleniumpackage.TestN -->
