<?xml version="1.0" encoding="UTF-8"?>
<!-- Generated by org.testng.reporters.JUnitReportReporter -->
<testsuite hostname="0621rdnote16" failures="0" tests="3" name="seleniumpackage.Testnew" time="0.008" errors="0" timestamp="2022-03-22T14:22:32 EDT" skipped="0">
  <testcase classname="seleniumpackage.Testnew" name="defectTC" time="0.001"/>
  <system-out/>
  <testcase classname="seleniumpackage.Testnew" name="writeTC" time="0.002"/>
  <system-out/>
  <testcase classname="seleniumpackage.Testnew" name="EcexuteTC" time="0.005"/>
  <system-out/>
</testsuite> <!-- seleniumpackage.Testnew -->
